<?xml version="1.0" encoding="UTF-8"?>
<!-- Generated by org.testng.reporters.JUnitReportReporter -->
<testsuite hostname="LAPTOP-87SVGSB0" failures="0" tests="1" name="testcases.RunLogin" time="6.905" errors="0" timestamp="2024-06-08T12:59:50 IST" skipped="0">
  <testcase classname="testcases.RunLogin" name="executeLogin" time="6.905"/>
  <system-out/>
</testsuite> <!-- testcases.RunLogin -->
