<?xml version="1.0" encoding="UTF-8"?>
<!-- Generated by org.testng.reporters.JUnitReportReporter -->
<testsuite hostname="LAPTOP-87SVGSB0" failures="0" tests="2" name="testcases.RunLogin" time="18.416" errors="0" timestamp="2024-06-09T11:04:57 IST" skipped="0">
  <testcase classname="testcases.RunLogin" name="executeLogin" time="10.401"/>
  <system-out/>
  <testcase classname="testcases.RunLogin" name="executeLogin" time="8.015"/>
  <system-out/>
</testsuite> <!-- testcases.RunLogin -->
