<?xml version="1.0" encoding="UTF-8"?>
<!-- Generated by org.testng.reporters.JUnitReportReporter -->
<testsuite hostname="LAPTOP-87SVGSB0" failures="0" tests="1" name="testcases.RunLogin" time="8.337" errors="0" timestamp="2024-06-09T10:17:25 IST" skipped="0">
  <testcase classname="testcases.RunLogin" name="executeLogin" time="8.337"/>
  <system-out/>
</testsuite> <!-- testcases.RunLogin -->
