<?xml version="1.0" encoding="UTF-8"?>
<!-- Generated by org.testng.reporters.JUnitReportReporter -->
<testsuite hostname="LAPTOP-87SVGSB0" failures="0" tests="2" name="testcases.CreateLead" time="28.480" errors="0" timestamp="2024-06-09T10:17:25 IST" skipped="0">
  <testcase classname="testcases.CreateLead" name="executeCreateLead" time="15.041"/>
  <system-out/>
  <testcase classname="testcases.CreateLead" name="executeCreateLead" time="13.439"/>
  <system-out/>
</testsuite> <!-- testcases.CreateLead -->
